# JRE version: OpenJDK Runtime Environment GraalVM CE 22.3.0 (17.0.5+8) (build 17.0.5+8-jvmci-22.3-b08)
# Java VM: OpenJDK 64-Bit Server VM GraalVM CE 22.3.0 (17.0.5+8-jvmci-22.3-b08, mixed mode, sharing, tiered, jvmci, jvmci compiler, compressed oops, compressed class ptrs, parallel gc, linux-amd64)
GC Precious Log:
 CPUs: 8 total, 2 available
 Memory: 3215M
 Large Page Support: Disabled
 NUMA Support: Disabled
 Compressed Oops: Enabled (32-bit)
 Alignments: Space 512K, Generation 512K, Heap 2M
 Heap Min Capacity: 100M
 Heap Initial Capacity: 100M
 Heap Max Capacity: 512M
 Pre-touch: Disabled
 Parallel Workers: 2
Heap:
 PSYoungGen      total 91136K, used 14607K [0x00000000f5580000, 0x00000000fdc00000, 0x0000000100000000)
  eden space 61440K, 23% used [0x00000000f5580000,0x00000000f63c3c88,0x00000000f9180000)
  from space 29696K, 0% used [0x00000000f9180000,0x00000000f9180000,0x00000000fae80000)
  to   space 35840K, 0% used [0x00000000fb900000,0x00000000fb900000,0x00000000fdc00000)
 ParOldGen       total 349696K, used 210977K [0x00000000e0000000, 0x00000000f5580000, 0x00000000f5580000)
  object space 349696K, 60% used [0x00000000e0000000,0x00000000ece08698,0x00000000f5580000)
 Metaspace       used 49334K, committed 50240K, reserved 1097728K
  class space    used 4846K, committed 5248K, reserved 1048576K
GC Heap History (20 events):
Event: 17.996 GC heap before
{Heap before GC invocations=57 (full 5):
 PSYoungGen      total 96768K, used 96293K [0x00000000f5580000, 0x00000000fc780000, 0x0000000100000000)
  eden space 80384K, 100% used [0x00000000f5580000,0x00000000fa400000,0x00000000fa400000)
  from space 16384K, 97% used [0x00000000fb400000,0x00000000fc389768,0x00000000fc400000)
  to   space 16384K, 0% used [0x00000000fa400000,0x00000000fa400000,0x00000000fb400000)
 ParOldGen       total 252416K, used 221244K [0x00000000e0000000, 0x00000000ef680000, 0x00000000f5580000)
  object space 252416K, 87% used [0x00000000e0000000,0x00000000ed80f010,0x00000000ef680000)
 Metaspace       used 48953K, committed 49856K, reserved 1097728K
  class space    used 4835K, committed 5248K, reserved 1048576K
}
Event: 18.072 GC heap after
{Heap after GC invocations=57 (full 5):
 PSYoungGen      total 96768K, used 16352K [0x00000000f5580000, 0x00000000ff580000, 0x0000000100000000)
  eden space 80384K, 0% used [0x00000000f5580000,0x00000000f5580000,0x00000000fa400000)
  from space 16384K, 99% used [0x00000000fa400000,0x00000000fb3f8078,0x00000000fb400000)
  to   space 37376K, 0% used [0x00000000fd100000,0x00000000fd100000,0x00000000ff580000)
 ParOldGen       total 252416K, used 238781K [0x00000000e0000000, 0x00000000ef680000, 0x00000000f5580000)
  object space 252416K, 94% used [0x00000000e0000000,0x00000000ee92f778,0x00000000ef680000)
 Metaspace       used 48953K, committed 49856K, reserved 1097728K
  class space    used 4835K, committed 5248K, reserved 1048576K
}
Event: 18.073 GC heap before
{Heap before GC invocations=58 (full 6):
 PSYoungGen      total 96768K, used 16352K [0x00000000f5580000, 0x00000000ff580000, 0x0000000100000000)
  eden space 80384K, 0% used [0x00000000f5580000,0x00000000f5580000,0x00000000fa400000)
  from space 16384K, 99% used [0x00000000fa400000,0x00000000fb3f8078,0x00000000fb400000)
  to   space 37376K, 0% used [0x00000000fd100000,0x00000000fd100000,0x00000000ff580000)
 ParOldGen       total 252416K, used 238781K [0x00000000e0000000, 0x00000000ef680000, 0x00000000f5580000)
  object space 252416K, 94% used [0x00000000e0000000,0x00000000ee92f778,0x00000000ef680000)
 Metaspace       used 48953K, committed 49856K, reserved 1097728K
  class space    used 4835K, committed 5248K, reserved 1048576K
}
Event: 18.559 GC heap after
{Heap after GC invocations=58 (full 6):
 PSYoungGen      total 126464K, used 0K [0x00000000f5580000, 0x00000000ff580000, 0x0000000100000000)
  eden space 89088K, 0% used [0x00000000f5580000,0x00000000f5580000,0x00000000fac80000)
  from space 37376K, 0% used [0x00000000fd100000,0x00000000fd100000,0x00000000ff580000)
  to   space 37376K, 0% used [0x00000000fac80000,0x00000000fac80000,0x00000000fd100000)
 ParOldGen       total 349696K, used 250919K [0x00000000e0000000, 0x00000000f5580000, 0x00000000f5580000)
  object space 349696K, 71% used [0x00000000e0000000,0x00000000ef509cf8,0x00000000f5580000)
 Metaspace       used 48953K, committed 49856K, reserved 1097728K
  class space    used 4835K, committed 5248K, reserved 1048576K
}
Event: 19.069 GC heap before
{Heap before GC invocations=59 (full 6):
 PSYoungGen      total 126464K, used 89088K [0x00000000f5580000, 0x00000000ff580000, 0x0000000100000000)
  eden space 89088K, 100% used [0x00000000f5580000,0x00000000fac80000,0x00000000fac80000)
  from space 37376K, 0% used [0x00000000fd100000,0x00000000fd100000,0x00000000ff580000)
  to   space 37376K, 0% used [0x00000000fac80000,0x00000000fac80000,0x00000000fd100000)
 ParOldGen       total 349696K, used 250919K [0x00000000e0000000, 0x00000000f5580000, 0x00000000f5580000)
  object space 349696K, 71% used [0x00000000e0000000,0x00000000ef509cf8,0x00000000f5580000)
 Metaspace       used 48954K, committed 49856K, reserved 1097728K
  class space    used 4835K, committed 5248K, reserved 1048576K
}
Event: 19.093 GC heap after
{Heap after GC invocations=59 (full 6):
 PSYoungGen      total 110080K, used 20752K [0x00000000f5580000, 0x00000000fe700000, 0x0000000100000000)
  eden space 89088K, 0% used [0x00000000f5580000,0x00000000f5580000,0x00000000fac80000)
  from space 20992K, 98% used [0x00000000fac80000,0x00000000fc0c43e0,0x00000000fc100000)
  to   space 25600K, 0% used [0x00000000fce00000,0x00000000fce00000,0x00000000fe700000)
 ParOldGen       total 349696K, used 250919K [0x00000000e0000000, 0x00000000f5580000, 0x00000000f5580000)
  object space 349696K, 71% used [0x00000000e0000000,0x00000000ef509cf8,0x00000000f5580000)
 Metaspace       used 48954K, committed 49856K, reserved 1097728K
  class space    used 4835K, committed 5248K, reserved 1048576K
}
Event: 19.479 GC heap before
{Heap before GC invocations=60 (full 6):
 PSYoungGen      total 110080K, used 109840K [0x00000000f5580000, 0x00000000fe700000, 0x0000000100000000)
  eden space 89088K, 100% used [0x00000000f5580000,0x00000000fac80000,0x00000000fac80000)
  from space 20992K, 98% used [0x00000000fac80000,0x00000000fc0c43e0,0x00000000fc100000)
  to   space 25600K, 0% used [0x00000000fce00000,0x00000000fce00000,0x00000000fe700000)
 ParOldGen       total 349696K, used 250919K [0x00000000e0000000, 0x00000000f5580000, 0x00000000f5580000)
  object space 349696K, 71% used [0x00000000e0000000,0x00000000ef509cf8,0x00000000f5580000)
 Metaspace       used 48954K, committed 49856K, reserved 1097728K
  class space    used 4835K, committed 5248K, reserved 1048576K
}
Event: 19.534 GC heap after
{Heap after GC invocations=60 (full 6):
 PSYoungGen      total 104448K, used 25589K [0x00000000f5580000, 0x0000000100000000, 0x0000000100000000)
  eden space 78848K, 0% used [0x00000000f5580000,0x00000000f5580000,0x00000000fa280000)
  from space 25600K, 99% used [0x00000000fce00000,0x00000000fe6fd710,0x00000000fe700000)
  to   space 44544K, 0% used [0x00000000fa280000,0x00000000fa280000,0x00000000fce00000)
 ParOldGen       total 349696K, used 266211K [0x00000000e0000000, 0x00000000f5580000, 0x00000000f5580000)
  object space 349696K, 76% used [0x00000000e0000000,0x00000000f03f8eb8,0x00000000f5580000)
 Metaspace       used 48954K, committed 49856K, reserved 1097728K
  class space    used 4835K, committed 5248K, reserved 1048576K
}
Event: 19.829 GC heap before
{Heap before GC invocations=61 (full 6):
 PSYoungGen      total 104448K, used 102630K [0x00000000f5580000, 0x0000000100000000, 0x0000000100000000)
  eden space 78848K, 97% used [0x00000000f5580000,0x00000000fa0bc478,0x00000000fa280000)
  from space 25600K, 99% used [0x00000000fce00000,0x00000000fe6fd710,0x00000000fe700000)
  to   space 44544K, 0% used [0x00000000fa280000,0x00000000fa280000,0x00000000fce00000)
 ParOldGen       total 349696K, used 266211K [0x00000000e0000000, 0x00000000f5580000, 0x00000000f5580000)
  object space 349696K, 76% used [0x00000000e0000000,0x00000000f03f8eb8,0x00000000f5580000)
 Metaspace       used 48954K, committed 49856K, reserved 1097728K
  class space    used 4835K, committed 5248K, reserved 1048576K
}
Event: 19.889 GC heap after
{Heap after GC invocations=61 (full 6):
 PSYoungGen      total 96256K, used 17144K [0x00000000f5580000, 0x00000000fde00000, 0x0000000100000000)
  eden space 78848K, 0% used [0x00000000f5580000,0x00000000f5580000,0x00000000fa280000)
  from space 17408K, 98% used [0x00000000fa280000,0x00000000fb33e3d0,0x00000000fb380000)
  to   space 26112K, 0% used [0x00000000fc480000,0x00000000fc480000,0x00000000fde00000)
 ParOldGen       total 349696K, used 291586K [0x00000000e0000000, 0x00000000f5580000, 0x00000000f5580000)
  object space 349696K, 83% used [0x00000000e0000000,0x00000000f1cc08b0,0x00000000f5580000)
 Metaspace       used 48954K, committed 49856K, reserved 1097728K
  class space    used 4835K, committed 5248K, reserved 1048576K
}
Event: 20.246 GC heap before
{Heap before GC invocations=62 (full 6):
 PSYoungGen      total 96256K, used 95992K [0x00000000f5580000, 0x00000000fde00000, 0x0000000100000000)
  eden space 78848K, 100% used [0x00000000f5580000,0x00000000fa280000,0x00000000fa280000)
  from space 17408K, 98% used [0x00000000fa280000,0x00000000fb33e3d0,0x00000000fb380000)
  to   space 26112K, 0% used [0x00000000fc480000,0x00000000fc480000,0x00000000fde00000)
 ParOldGen       total 349696K, used 291586K [0x00000000e0000000, 0x00000000f5580000, 0x00000000f5580000)
  object space 349696K, 83% used [0x00000000e0000000,0x00000000f1cc08b0,0x00000000f5580000)
 Metaspace       used 48955K, committed 49856K, reserved 1097728K
  class space    used 4835K, committed 5248K, reserved 1048576K
}
Event: 20.298 GC heap after
{Heap after GC invocations=62 (full 6):
 PSYoungGen      total 87552K, used 26089K [0x00000000f5580000, 0x0000000100000000, 0x0000000100000000)
  eden space 61440K, 0% used [0x00000000f5580000,0x00000000f5580000,0x00000000f9180000)
  from space 26112K, 99% used [0x00000000fc480000,0x00000000fddfa528,0x00000000fde00000)
  to   space 52224K, 0% used [0x00000000f9180000,0x00000000f9180000,0x00000000fc480000)
 ParOldGen       total 349696K, used 311992K [0x00000000e0000000, 0x00000000f5580000, 0x00000000f5580000)
  object space 349696K, 89% used [0x00000000e0000000,0x00000000f30ae148,0x00000000f5580000)
 Metaspace       used 48955K, committed 49856K, reserved 1097728K
  class space    used 4835K, committed 5248K, reserved 1048576K
}
Event: 21.385 GC heap before
{Heap before GC invocations=63 (full 6):
 PSYoungGen      total 87552K, used 87529K [0x00000000f5580000, 0x0000000100000000, 0x0000000100000000)
  eden space 61440K, 100% used [0x00000000f5580000,0x00000000f9180000,0x00000000f9180000)
  from space 26112K, 99% used [0x00000000fc480000,0x00000000fddfa528,0x00000000fde00000)
  to   space 52224K, 0% used [0x00000000f9180000,0x00000000f9180000,0x00000000fc480000)
 ParOldGen       total 349696K, used 311992K [0x00000000e0000000, 0x00000000f5580000, 0x00000000f5580000)
  object space 349696K, 89% used [0x00000000e0000000,0x00000000f30ae148,0x00000000f5580000)
 Metaspace       used 48977K, committed 49920K, reserved 1097728K
  class space    used 4836K, committed 5248K, reserved 1048576K
}
Event: 21.448 GC heap after
{Heap after GC invocations=63 (full 6):
 PSYoungGen      total 91136K, used 29292K [0x00000000f5580000, 0x00000000fdd80000, 0x0000000100000000)
  eden space 61440K, 0% used [0x00000000f5580000,0x00000000f5580000,0x00000000f9180000)
  from space 29696K, 98% used [0x00000000f9180000,0x00000000fae1b2f8,0x00000000fae80000)
  to   space 35840K, 0% used [0x00000000fba80000,0x00000000fba80000,0x00000000fdd80000)
 ParOldGen       total 349696K, used 337619K [0x00000000e0000000, 0x00000000f5580000, 0x00000000f5580000)
  object space 349696K, 96% used [0x00000000e0000000,0x00000000f49b4ed8,0x00000000f5580000)
 Metaspace       used 48977K, committed 49920K, reserved 1097728K
  class space    used 4836K, committed 5248K, reserved 1048576K
}
Event: 21.448 GC heap before
{Heap before GC invocations=64 (full 7):
 PSYoungGen      total 91136K, used 29292K [0x00000000f5580000, 0x00000000fdd80000, 0x0000000100000000)
  eden space 61440K, 0% used [0x00000000f5580000,0x00000000f5580000,0x00000000f9180000)
  from space 29696K, 98% used [0x00000000f9180000,0x00000000fae1b2f8,0x00000000fae80000)
  to   space 35840K, 0% used [0x00000000fba80000,0x00000000fba80000,0x00000000fdd80000)
 ParOldGen       total 349696K, used 337619K [0x00000000e0000000, 0x00000000f5580000, 0x00000000f5580000)
  object space 349696K, 96% used [0x00000000e0000000,0x00000000f49b4ed8,0x00000000f5580000)
 Metaspace       used 48977K, committed 49920K, reserved 1097728K
  class space    used 4836K, committed 5248K, reserved 1048576K
}
Event: 22.134 GC heap after
{Heap after GC invocations=64 (full 7):
 PSYoungGen      total 91136K, used 11037K [0x00000000f5580000, 0x00000000fdd00000, 0x0000000100000000)
  eden space 61440K, 0% used [0x00000000f5580000,0x00000000f5580000,0x00000000f9180000)
  from space 29696K, 37% used [0x00000000f9180000,0x00000000f9c477f8,0x00000000fae80000)
  to   space 35840K, 0% used [0x00000000fba00000,0x00000000fba00000,0x00000000fdd00000)
 ParOldGen       total 349696K, used 349678K [0x00000000e0000000, 0x00000000f5580000, 0x00000000f5580000)
  object space 349696K, 99% used [0x00000000e0000000,0x00000000f557bbd0,0x00000000f5580000)
 Metaspace       used 48977K, committed 49920K, reserved 1097728K
  class space    used 4836K, committed 5248K, reserved 1048576K
}
Event: 24.255 GC heap before
{Heap before GC invocations=65 (full 8):
 PSYoungGen      total 91136K, used 72477K [0x00000000f5580000, 0x00000000fdd00000, 0x0000000100000000)
  eden space 61440K, 100% used [0x00000000f5580000,0x00000000f9180000,0x00000000f9180000)
  from space 29696K, 37% used [0x00000000f9180000,0x00000000f9c477f8,0x00000000fae80000)
  to   space 35840K, 0% used [0x00000000fba00000,0x00000000fba00000,0x00000000fdd00000)
 ParOldGen       total 349696K, used 349678K [0x00000000e0000000, 0x00000000f5580000, 0x00000000f5580000)
  object space 349696K, 99% used [0x00000000e0000000,0x00000000f557bbd0,0x00000000f5580000)
 Metaspace       used 49019K, committed 49920K, reserved 1097728K
  class space    used 4836K, committed 5248K, reserved 1048576K
}
Event: 25.047 GC heap after
{Heap after GC invocations=65 (full 8):
 PSYoungGen      total 96768K, used 23240K [0x00000000f5580000, 0x00000000fdc80000, 0x0000000100000000)
  eden space 61440K, 37% used [0x00000000f5580000,0x00000000f6c32048,0x00000000f9180000)
  from space 35328K, 0% used [0x00000000fba00000,0x00000000fba00000,0x00000000fdc80000)
  to   space 29696K, 0% used [0x00000000f9180000,0x00000000f9180000,0x00000000fae80000)
 ParOldGen       total 349696K, used 349609K [0x00000000e0000000, 0x00000000f5580000, 0x00000000f5580000)
  object space 349696K, 99% used [0x00000000e0000000,0x00000000f556a4b8,0x00000000f5580000)
 Metaspace       used 49019K, committed 49920K, reserved 1097728K
  class space    used 4836K, committed 5248K, reserved 1048576K
}
Event: 26.395 GC heap before
{Heap before GC invocations=66 (full 9):
 PSYoungGen      total 96768K, used 61440K [0x00000000f5580000, 0x00000000fdc80000, 0x0000000100000000)
  eden space 61440K, 100% used [0x00000000f5580000,0x00000000f9180000,0x00000000f9180000)
  from space 35328K, 0% used [0x00000000fba00000,0x00000000fba00000,0x00000000fdc80000)
  to   space 29696K, 0% used [0x00000000f9180000,0x00000000f9180000,0x00000000fae80000)
 ParOldGen       total 349696K, used 349609K [0x00000000e0000000, 0x00000000f5580000, 0x00000000f5580000)
  object space 349696K, 99% used [0x00000000e0000000,0x00000000f556a4b8,0x00000000f5580000)
 Metaspace       used 49124K, committed 50048K, reserved 1097728K
  class space    used 4842K, committed 5248K, reserved 1048576K
}
Event: 26.770 GC heap after
{Heap after GC invocations=66 (full 9):
 PSYoungGen      total 91136K, used 0K [0x00000000f5580000, 0x00000000fdc00000, 0x0000000100000000)
  eden space 61440K, 0% used [0x00000000f5580000,0x00000000f5580000,0x00000000f9180000)
  from space 29696K, 0% used [0x00000000f9180000,0x00000000f9180000,0x00000000fae80000)
  to   space 35840K, 0% used [0x00000000fb900000,0x00000000fb900000,0x00000000fdc00000)
 ParOldGen       total 349696K, used 210977K [0x00000000e0000000, 0x00000000f5580000, 0x00000000f5580000)
  object space 349696K, 60% used [0x00000000e0000000,0x00000000ece08698,0x00000000f5580000)
 Metaspace       used 49124K, committed 50048K, reserved 1097728K
  class space    used 4842K, committed 5248K, reserved 1048576K
}

